2025-07-09 11:49:26,962 - TradingViewAutomation - INFO - Screenshot directories created: trading_screenshots/2025-07-09
2025-07-09 11:49:33,266 - TradingViewAutomation - INFO - Chrome driver configured with enhanced anti-detection
2025-07-09 11:49:33,267 - TradingViewAutomation - INFO - Starting TradingView automation with enhanced anti-detection...
2025-07-09 11:49:33,267 - TradingViewAutomation - INFO - Capturing EURUSD 240...
2025-07-09 11:49:33,267 - TradingViewAutomation - INFO - Navigating to EURUSD 240 (attempt 1)
2025-07-09 11:49:44,289 - TradingViewAutomation - WARNING - Page health check failed: error detected
2025-07-09 11:49:44,289 - TradingViewAutomation - WARNING - Page health check failed, retrying...
2025-07-09 11:49:44,289 - TradingViewAutomation - INFO - Navigating to EURUSD 240 (attempt 2)
2025-07-09 11:49:48,829 - TradingViewAutomation - WARNING - Page health check failed: error detected
2025-07-09 11:49:48,830 - TradingViewAutomation - WARNING - Page health check failed, retrying...
2025-07-09 11:49:48,830 - TradingViewAutomation - INFO - Navigating to EURUSD 240 (attempt 3)
2025-07-09 11:50:03,341 - TradingViewAutomation - WARNING - Page health check failed: error detected
2025-07-09 11:50:03,341 - TradingViewAutomation - WARNING - Page health check failed, retrying...
2025-07-09 11:50:03,341 - TradingViewAutomation - ERROR - Max retries reached for EURUSD 240
2025-07-09 11:50:03,341 - TradingViewAutomation - ERROR - Failed to capture EURUSD H4
2025-07-09 11:50:03,341 - TradingViewAutomation - INFO - Capturing EURUSD 60...
2025-07-09 11:50:03,341 - TradingViewAutomation - INFO - Navigating to EURUSD 60 (attempt 1)
2025-07-09 11:50:07,852 - TradingViewAutomation - WARNING - Page health check failed: error detected
2025-07-09 11:50:07,853 - TradingViewAutomation - WARNING - Page health check failed, retrying...
2025-07-09 11:50:07,853 - TradingViewAutomation - INFO - Navigating to EURUSD 60 (attempt 2)
2025-07-09 11:50:15,002 - TradingViewAutomation - WARNING - Page health check failed: error detected
2025-07-09 11:50:15,003 - TradingViewAutomation - WARNING - Page health check failed, retrying...
2025-07-09 11:50:15,003 - TradingViewAutomation - INFO - Navigating to EURUSD 60 (attempt 3)
2025-07-09 11:50:20,981 - TradingViewAutomation - WARNING - Page health check failed: error detected
2025-07-09 11:50:20,981 - TradingViewAutomation - WARNING - Page health check failed, retrying...
2025-07-09 11:50:20,981 - TradingViewAutomation - ERROR - Max retries reached for EURUSD 60
2025-07-09 11:50:20,981 - TradingViewAutomation - ERROR - Failed to capture EURUSD H1
2025-07-09 11:50:20,981 - TradingViewAutomation - INFO - Capturing EURUSD 15...
2025-07-09 11:50:20,981 - TradingViewAutomation - INFO - Navigating to EURUSD 15 (attempt 1)
2025-07-09 11:50:26,205 - TradingViewAutomation - WARNING - Page health check failed: error detected
2025-07-09 11:50:26,205 - TradingViewAutomation - WARNING - Page health check failed, retrying...
2025-07-09 11:50:26,205 - TradingViewAutomation - INFO - Navigating to EURUSD 15 (attempt 2)
2025-07-09 11:50:32,324 - TradingViewAutomation - WARNING - Page health check failed: error detected
2025-07-09 11:50:32,325 - TradingViewAutomation - WARNING - Page health check failed, retrying...
2025-07-09 11:50:32,325 - TradingViewAutomation - INFO - Navigating to EURUSD 15 (attempt 3)
2025-07-09 11:50:39,257 - TradingViewAutomation - WARNING - Page health check failed: error detected
2025-07-09 11:50:39,257 - TradingViewAutomation - WARNING - Page health check failed, retrying...
2025-07-09 11:50:39,257 - TradingViewAutomation - ERROR - Max retries reached for EURUSD 15
2025-07-09 11:50:39,257 - TradingViewAutomation - ERROR - Failed to capture EURUSD M15
2025-07-09 11:50:39,258 - TradingViewAutomation - ERROR - No screenshots captured for EURUSD
2025-07-09 11:50:39,258 - TradingViewAutomation - ERROR - No screenshots were captured!
2025-07-09 11:50:41,867 - TradingViewAutomation - INFO - Chrome driver closed
